<?xml version="1.0" encoding="UTF-8"?>
<testsuite name="com.juht.calculator.CalculatorApplicationTests" tests="1" skipped="0" failures="0" errors="0" timestamp="2019-05-07T05:32:14" hostname="student-HP-ProDesk-400-G2-MT-TPM-DP" time="0.314">
  <properties/>
  <testcase name="contextLoads" classname="com.juht.calculator.CalculatorApplicationTests" time="0.314"/>
  <system-out><![CDATA[14:32:10.911 [Test worker] DEBUG org.springframework.test.context.junit4.SpringJUnit4ClassRunner - SpringJUnit4ClassRunner constructor called with [class com.juht.calculator.CalculatorApplicationTests]
14:32:10.922 [Test worker] DEBUG org.springframework.test.context.BootstrapUtils - Instantiating CacheAwareContextLoaderDelegate from class [org.springframework.test.context.cache.DefaultCacheAwareContextLoaderDelegate]
14:32:10.938 [Test worker] DEBUG org.springframework.test.context.BootstrapUtils - Instantiating BootstrapContext using constructor [public org.springframework.test.context.support.DefaultBootstrapContext(java.lang.Class,org.springframework.test.context.CacheAwareContextLoaderDelegate)]
14:32:10.975 [Test worker] DEBUG org.springframework.test.context.BootstrapUtils - Instantiating TestContextBootstrapper for test class [com.juht.calculator.CalculatorApplicationTests] from class [org.springframework.boot.test.context.SpringBootTestContextBootstrapper]
14:32:11.002 [Test worker] INFO org.springframework.boot.test.context.SpringBootTestContextBootstrapper - Neither @ContextConfiguration nor @ContextHierarchy found for test class [com.juht.calculator.CalculatorApplicationTests], using SpringBootContextLoader
14:32:11.008 [Test worker] DEBUG org.springframework.test.context.support.AbstractContextLoader - Did not detect default resource location for test class [com.juht.calculator.CalculatorApplicationTests]: class path resource [com/juht/calculator/CalculatorApplicationTests-context.xml] does not exist
14:32:11.008 [Test worker] DEBUG org.springframework.test.context.support.AbstractContextLoader - Did not detect default resource location for test class [com.juht.calculator.CalculatorApplicationTests]: class path resource [com/juht/calculator/CalculatorApplicationTestsContext.groovy] does not exist
14:32:11.009 [Test worker] INFO org.springframework.test.context.support.AbstractContextLoader - Could not detect default resource locations for test class [com.juht.calculator.CalculatorApplicationTests]: no resource found for suffixes {-context.xml, Context.groovy}.
14:32:11.010 [Test worker] INFO org.springframework.test.context.support.AnnotationConfigContextLoaderUtils - Could not detect default configuration classes for test class [com.juht.calculator.CalculatorApplicationTests]: CalculatorApplicationTests does not declare any static, non-private, non-final, nested classes annotated with @Configuration.
14:32:11.065 [Test worker] DEBUG org.springframework.test.context.support.ActiveProfilesUtils - Could not find an 'annotation declaring class' for annotation type [org.springframework.test.context.ActiveProfiles] and class [com.juht.calculator.CalculatorApplicationTests]
14:32:11.179 [Test worker] DEBUG org.springframework.context.annotation.ClassPathScanningCandidateComponentProvider - Identified candidate component class: file [/home/student/Project/calculator3/calculator/build/classes/java/main/com/juht/calculator/CalculatorApplication.class]
14:32:11.187 [Test worker] INFO org.springframework.boot.test.context.SpringBootTestContextBootstrapper - Found @SpringBootConfiguration com.juht.calculator.CalculatorApplication for test class com.juht.calculator.CalculatorApplicationTests
14:32:11.330 [Test worker] DEBUG org.springframework.boot.test.context.SpringBootTestContextBootstrapper - @TestExecutionListeners is not present for class [com.juht.calculator.CalculatorApplicationTests]: using defaults.
14:32:11.331 [Test worker] INFO org.springframework.boot.test.context.SpringBootTestContextBootstrapper - Loaded default TestExecutionListener class names from location [META-INF/spring.factories]: [org.springframework.boot.test.autoconfigure.restdocs.RestDocsTestExecutionListener, org.springframework.boot.test.autoconfigure.web.client.MockRestServiceServerResetTestExecutionListener, org.springframework.boot.test.autoconfigure.web.servlet.MockMvcPrintOnlyOnFailureTestExecutionListener, org.springframework.boot.test.autoconfigure.web.servlet.WebDriverTestExecutionListener, org.springframework.boot.test.mock.mockito.MockitoTestExecutionListener, org.springframework.boot.test.mock.mockito.ResetMocksTestExecutionListener, org.springframework.test.context.web.ServletTestExecutionListener, org.springframework.test.context.support.DirtiesContextBeforeModesTestExecutionListener, org.springframework.test.context.support.DependencyInjectionTestExecutionListener, org.springframework.test.context.support.DirtiesContextTestExecutionListener, org.springframework.test.context.transaction.TransactionalTestExecutionListener, org.springframework.test.context.jdbc.SqlScriptsTestExecutionListener]
14:32:11.355 [Test worker] INFO org.springframework.boot.test.context.SpringBootTestContextBootstrapper - Using TestExecutionListeners: [org.springframework.test.context.web.ServletTestExecutionListener@9a5d2f5, org.springframework.test.context.support.DirtiesContextBeforeModesTestExecutionListener@5ef5fd49, org.springframework.boot.test.mock.mockito.MockitoTestExecutionListener@50ec0238, org.springframework.boot.test.autoconfigure.SpringBootDependencyInjectionTestExecutionListener@5befdd8c, org.springframework.test.context.support.DirtiesContextTestExecutionListener@7c7a9e7e, org.springframework.test.context.transaction.TransactionalTestExecutionListener@d142b0d, org.springframework.test.context.jdbc.SqlScriptsTestExecutionListener@3dd90555, org.springframework.boot.test.autoconfigure.restdocs.RestDocsTestExecutionListener@18ffacdf, org.springframework.boot.test.autoconfigure.web.client.MockRestServiceServerResetTestExecutionListener@305e58d0, org.springframework.boot.test.autoconfigure.web.servlet.MockMvcPrintOnlyOnFailureTestExecutionListener@1c3e4195, org.springframework.boot.test.autoconfigure.web.servlet.WebDriverTestExecutionListener@69b80cea, org.springframework.boot.test.mock.mockito.ResetMocksTestExecutionListener@c44dc56]
14:32:11.358 [Test worker] DEBUG org.springframework.test.annotation.ProfileValueUtils - Retrieved @ProfileValueSourceConfiguration [null] for test class [com.juht.calculator.CalculatorApplicationTests]
14:32:11.359 [Test worker] DEBUG org.springframework.test.annotation.ProfileValueUtils - Retrieved ProfileValueSource type [class org.springframework.test.annotation.SystemProfileValueSource] for class [com.juht.calculator.CalculatorApplicationTests]
14:32:11.360 [Test worker] DEBUG org.springframework.test.annotation.ProfileValueUtils - Retrieved @ProfileValueSourceConfiguration [null] for test class [com.juht.calculator.CalculatorApplicationTests]
14:32:11.361 [Test worker] DEBUG org.springframework.test.annotation.ProfileValueUtils - Retrieved ProfileValueSource type [class org.springframework.test.annotation.SystemProfileValueSource] for class [com.juht.calculator.CalculatorApplicationTests]
14:32:11.366 [Test worker] DEBUG org.springframework.test.context.support.AbstractDirtiesContextTestExecutionListener - Before test class: context [DefaultTestContext@78652dd3 testClass = CalculatorApplicationTests, testInstance = [null], testMethod = [null], testException = [null], mergedContextConfiguration = [WebMergedContextConfiguration@5346cd2e testClass = CalculatorApplicationTests, locations = '{}', classes = '{class com.juht.calculator.CalculatorApplication}', contextInitializerClasses = '[]', activeProfiles = '{}', propertySourceLocations = '{}', propertySourceProperties = '{org.springframework.boot.test.context.SpringBootTestContextBootstrapper=true}', contextCustomizers = set[org.springframework.boot.test.autoconfigure.properties.PropertyMappingContextCustomizer@0, org.springframework.boot.test.autoconfigure.web.servlet.WebDriverContextCustomizerFactory$Customizer@7eb4e403, org.springframework.boot.test.context.filter.ExcludeFilterContextCustomizer@6f7dd311, org.springframework.boot.test.json.DuplicateJsonObjectContextCustomizerFactory$DuplicateJsonObjectContextCustomizer@1fb55e24, org.springframework.boot.test.mock.mockito.MockitoContextCustomizer@0, org.springframework.boot.test.web.client.TestRestTemplateContextCustomizer@64823e46], resourceBasePath = 'src/main/webapp', contextLoader = 'org.springframework.boot.test.context.SpringBootContextLoader', parent = [null]], attributes = map['org.springframework.test.context.web.ServletTestExecutionListener.activateListener' -> true]], class annotated with @DirtiesContext [false] with mode [null].
14:32:11.367 [Test worker] DEBUG org.springframework.test.annotation.ProfileValueUtils - Retrieved @ProfileValueSourceConfiguration [null] for test class [com.juht.calculator.CalculatorApplicationTests]
14:32:11.368 [Test worker] DEBUG org.springframework.test.annotation.ProfileValueUtils - Retrieved ProfileValueSource type [class org.springframework.test.annotation.SystemProfileValueSource] for class [com.juht.calculator.CalculatorApplicationTests]
14:32:11.396 [Test worker] DEBUG org.springframework.test.context.support.TestPropertySourceUtils - Adding inlined properties to environment: {spring.jmx.enabled=false, org.springframework.boot.test.context.SpringBootTestContextBootstrapper=true, server.port=-1}

  .   ____          _            __ _ _
 /\\ / ___'_ __ _ _(_)_ __  __ _ \ \ \ \
( ( )\___ | '_ | '_| | '_ \/ _` | \ \ \ \
 \\/  ___)| |_)| | | | | || (_| |  ) ) ) )
  '  |____| .__|_| |_|_| |_\__, | / / / /
 =========|_|==============|___/=/_/_/_/
 :: Spring Boot ::        (v2.1.4.RELEASE)

2019-05-07 14:32:11.783  INFO 11612 --- [    Test worker] c.j.c.CalculatorApplicationTests         : Starting CalculatorApplicationTests on student-HP-ProDesk-400-G2-MT-TPM-DP with PID 11612 (started by student in /home/student/Project/calculator3/calculator)
2019-05-07 14:32:11.789  INFO 11612 --- [    Test worker] c.j.c.CalculatorApplicationTests         : No active profile set, falling back to default profiles: default
2019-05-07 14:32:12.840  INFO 11612 --- [    Test worker] .s.d.r.c.RepositoryConfigurationDelegate : Multiple Spring Data modules found, entering strict repository configuration mode!
2019-05-07 14:32:12.845  INFO 11612 --- [    Test worker] .s.d.r.c.RepositoryConfigurationDelegate : Bootstrapping Spring Data repositories in DEFAULT mode.
2019-05-07 14:32:12.886  INFO 11612 --- [    Test worker] .s.d.r.c.RepositoryConfigurationDelegate : Finished Spring Data repository scanning in 21ms. Found 0 repository interfaces.
2019-05-07 14:32:13.365  INFO 11612 --- [    Test worker] trationDelegate$BeanPostProcessorChecker : Bean 'cacheConfig' of type [com.juht.calculator.CacheConfig$$EnhancerBySpringCGLIB$$92fd204f] is not eligible for getting processed by all BeanPostProcessors (for example: not eligible for auto-proxying)
2019-05-07 14:32:14.396  INFO 11612 --- [    Test worker] o.s.s.concurrent.ThreadPoolTaskExecutor  : Initializing ExecutorService 'applicationTaskExecutor'
2019-05-07 14:32:14.975  INFO 11612 --- [    Test worker] c.j.c.CalculatorApplicationTests         : Started CalculatorApplicationTests in 3.562 seconds (JVM running for 4.867)
]]></system-out>
  <system-err><![CDATA[]]></system-err>
</testsuite>
